[backblue.gif]
[fade.gif]
[index.html]
[gbyarbrlmofstval.my.id/img/A1.jpg]
[gbyarbrlmofstval.my.id/img/A2.jpg]
[gbyarbrlmofstval.my.id/img/A3.jpg]
[gbyarbrlmofstval.my.id/img/A4.jpg]
[gbyarbrlmofstval.my.id/img/A5.jpg]
[gbyarbrlmofstval.my.id/img/A6.jpg]
[gbyarbrlmofstval.my.id/img/A7.jpg]
[gbyarbrlmofstval.my.id/img/A8.jpg]
[gbyarbrlmofstval.my.id/img/A9.jpg]
[gbyarbrlmofstval.my.id/img/A10.jpg]
[gbyarbrlmofstval.my.id/img/A11.jpg]
[gbyarbrlmofstval.my.id/img/A12.png]
[gbyarbrlmofstval.my.id/img/A13.png]
[gbyarbrlmofstval.my.id/img/A14.jpg]
[gbyarbrlmofstval.my.id/index53cb.html]
[gbyarbrlmofstval.my.id/form.html]
[gbyarbrlmofstval.my.id/images/03-42-07-846_512.html]
